<?xml version="1.0" encoding="UTF-8"?>
<!-- Generated by org.testng.reporters.JUnitReportReporter -->
<testsuite skipped="0" hostname="DESKTOP-CS64EQC" name="tests.GetAndPostExamples" tests="1" failures="0" timestamp="28 Feb 2021 21:54:25 GMT" time="3.450" errors="0">
  <testcase name="testPost" time="3.450" classname="tests.GetAndPostExamples"/>
</testsuite> <!-- tests.GetAndPostExamples -->
