<?xml version="1.0" encoding="UTF-8"?>
<!-- Generated by org.testng.reporters.JUnitReportReporter -->
<testsuite skipped="0" hostname="DESKTOP-CS64EQC" name="tests.SoapXMLRequest" tests="1" failures="0" timestamp="01 Mar 2021 02:17:24 GMT" time="3.623" errors="0">
  <testcase name="validateSoapXML" time="3.623" classname="tests.SoapXMLRequest"/>
</testsuite> <!-- tests.SoapXMLRequest -->
