<?xml version="1.0" encoding="UTF-8"?>
<!-- Generated by org.testng.reporters.JUnitReportReporter -->
<testsuite skipped="0" hostname="DESKTOP-CS64EQC" name="tests.TestsExamples" tests="2" failures="0" timestamp="28 Feb 2021 21:30:09 GMT" time="4.057" errors="0">
  <testcase name="test_2" time="1.153" classname="tests.TestsExamples"/>
  <testcase name="test_1" time="2.904" classname="tests.TestsExamples"/>
</testsuite> <!-- tests.TestsExamples -->
