<?xml version="1.0" encoding="UTF-8"?>
<!-- Generated by org.testng.reporters.JUnitReportReporter -->
<testsuite skipped="0" hostname="DESKTOP-CS64EQC" name="tests.PutPatchAndDeleteExamples" tests="3" failures="0" timestamp="28 Feb 2021 22:13:03 GMT" time="3.919" errors="0">
  <testcase name="testDelete" time="2.960" classname="tests.PutPatchAndDeleteExamples"/>
  <testcase name="testPut" time="0.437" classname="tests.PutPatchAndDeleteExamples"/>
  <testcase name="testPatch" time="0.522" classname="tests.PutPatchAndDeleteExamples"/>
</testsuite> <!-- tests.PutPatchAndDeleteExamples -->
