<?xml version="1.0" encoding="UTF-8"?>
<!-- Generated by org.testng.reporters.JUnitReportReporter -->
<testsuite skipped="0" hostname="DESKTOP-CS64EQC" name="tests.TestonLocalAPI" tests="2" failures="0" timestamp="01 Mar 2021 00:59:38 GMT" time="2.464" errors="0">
  <testcase name="delete" time="2.320" classname="tests.TestonLocalAPI"/>
  <testcase name="get" time="0.144" classname="tests.TestonLocalAPI"/>
</testsuite> <!-- tests.TestonLocalAPI -->
